NAME:
   lotus-worker run - Start lotus worker

USAGE:
   lotus-worker run [command options] [arguments...]

OPTIONS:
   --addpiece                    enable addpiece (default: true) [$LOTUS_WORKER_ADDPIECE]
   --commit                      enable commit (32G sectors: all cores or GPUs, 128GiB Memory + 64GiB swap) (default: true) [$LOTUS_WORKER_COMMIT]
   --http-server-timeout value   (default: "30s")
   --listen value                host address and port the worker api will listen on (default: "0.0.0.0:3456") [$LOTUS_WORKER_LISTEN]
   --name value                  custom worker name (default: hostname) [$LOTUS_WORKER_NAME]
   --no-default                  disable all default compute tasks, use the worker for storage/fetching only (default: false) [$LOTUS_WORKER_NO_DEFAULT]
   --no-local-storage            don't use storageminer repo for sector storage (default: false) [$LOTUS_WORKER_NO_LOCAL_STORAGE]
   --no-swap                     don't use swap (default: false) [$LOTUS_WORKER_NO_SWAP]
   --parallel-fetch-limit value  maximum fetch operations to run in parallel (default: 5) [$LOTUS_WORKER_PARALLEL_FETCH_LIMIT]
   --post-parallel-reads value   maximum number of parallel challenge reads (0 = no limit) (default: 128) [$LOTUS_WORKER_POST_PARALLEL_READS]
   --post-read-timeout value     time limit for reading PoSt challenges (0 = no limit) (default: 0s) [$LOTUS_WORKER_POST_READ_TIMEOUT]
   --precommit1                  enable precommit1 (32G sectors: 1 core, 128GiB Memory) (default: true) [$LOTUS_WORKER_PRECOMMIT1]
   --precommit2                  enable precommit2 (32G sectors: all cores, 96GiB Memory) (default: true) [$LOTUS_WORKER_PRECOMMIT2]
   --prove-replica-update2       enable prove replica update 2 (default: true) [$LOTUS_WORKER_PROVE_REPLICA_UPDATE2]
   --regen-sector-key            enable regen sector key (default: true) [$LOTUS_WORKER_REGEN_SECTOR_KEY]
   --replica-update              enable replica update (default: true) [$LOTUS_WORKER_REPLICA_UPDATE]
   --sector-download             enable external sector data download (default: false) [$LOTUS_WORKER_SECTOR_DOWNLOAD]
   --timeout value               used when 'listen' is unspecified. must be a valid duration recognized by golang's time.ParseDuration function (default: "30m") [$LOTUS_WORKER_TIMEOUT]
   --unseal                      enable unsealing (32G sectors: 1 core, 128GiB Memory) (default: true) [$LOTUS_WORKER_UNSEAL]
   --windowpost                  enable window post (default: false) [$LOTUS_WORKER_WINDOWPOST]
   --winningpost                 enable winning post (default: false) [$LOTUS_WORKER_WINNINGPOST]
   
NAME:
   lotus-worker - Remote miner worker

USAGE:
   lotus-worker [global options] command [command options] [arguments...]

VERSION:
   1.20.1+2k+git.eddb732ff.dirty

COMMANDS:
   run         Start lotus worker
   stop        Stop a running lotus worker
   info        Print worker info
   storage     manage sector storage
   set         Manage worker settings
   wait-quiet  Block until all running tasks exit
   resources   Manage resource table overrides
   tasks       Manage task processing
   help, h     Shows a list of commands or help for one command

GLOBAL OPTIONS:
   --enable-gpu-proving                     enable use of GPU for mining operations (default: true) [$LOTUS_WORKER_ENABLE_GPU_PROVING]
   --help, -h                               show help (default: false)
   --miner-repo value, --storagerepo value  Specify miner repo path. flag storagerepo and env LOTUS_STORAGE_PATH are DEPRECATION, will REMOVE SOON (default: "/home/user/data/lotus_data/miner") [$LOTUS_MINER_PATH, $LOTUS_STORAGE_PATH]
   --version, -v                            print the version (default: false)
   --worker-repo value, --workerrepo value  Specify worker repo path. flag workerrepo and env WORKER_PATH are DEPRECATION, will REMOVE SOON (default: "/home/user/data/lotus_data/worker02") [$LOTUS_WORKER_PATH, $WORKER_PATH]
   
